

Version:	3.50
CmdLine:	C:\Users\Admin\IdeaProjects\LAp\LaptopStore.exe --l4j-debug
JNI:		No
WOW64:		Yes
Working dir:	C:\Users\Admin\IdeaProjects\LAp\.
Requires JDK:	No
Requires 64-Bit: No
Java min ver:	1.011.000
Java max ver:	
Substitute:	EXEDIR = C:\Users\Admin\IdeaProjects\LAp
JRE paths:	C:\Users\Admin\IdeaProjects\LAp\jre
Check launcher:	C:\Users\Admin\IdeaProjects\LAp\jre\bin\javaw.exe (OK)
Version string: 1.011.000_027 / 64-Bit (OK)
Launcher:	C:\Users\Admin\IdeaProjects\LAp\jre\bin\javaw.exe
Launcher args:	-jar "C:\Users\Admin\IdeaProjects\LAp\LaptopStore.exe"
Args length:	54/32768 chars
Exit code:	0


Version:	3.50
CmdLine:	C:\Users\Admin\IdeaProjects\LAp\LaptopStore.exe --l4j-debug
JNI:		No
WOW64:		Yes
Working dir:	C:\Users\Admin\IdeaProjects\LAp\.
Requires JDK:	No
Requires 64-Bit: No
Java min ver:	1.011.000
Java max ver:	
Substitute:	EXEDIR = C:\Users\Admin\IdeaProjects\LAp
JRE paths:	C:\Users\Admin\IdeaProjects\LAp\jre
Check launcher:	C:\Users\Admin\IdeaProjects\LAp\jre\bin\javaw.exe (OK)
Version string: 1.011.000_027 / 64-Bit (OK)
Launcher:	C:\Users\Admin\IdeaProjects\LAp\jre\bin\javaw.exe
Launcher args:	-jar "C:\Users\Admin\IdeaProjects\LAp\LaptopStore.exe"
Args length:	54/32768 chars
Exit code:	0


Version:	3.50
CmdLine:	C:\Users\Admin\IdeaProjects\LAp\LaptopStore.exe --l4j-debug
JNI:		No
WOW64:		Yes
Working dir:	C:\Users\Admin\IdeaProjects\LAp\.
Requires JDK:	No
Requires 64-Bit: No
Java min ver:	1.011.000
Java max ver:	
Substitute:	EXEDIR = C:\Users\Admin\IdeaProjects\LAp
JRE paths:	C:\Users\Admin\IdeaProjects\LAp\jre
Check launcher:	C:\Users\Admin\IdeaProjects\LAp\jre\bin\javaw.exe (OK)
Version string: 1.011.000_027 / 64-Bit (OK)
Launcher:	C:\Users\Admin\IdeaProjects\LAp\jre\bin\javaw.exe
Launcher args:	-jar "C:\Users\Admin\IdeaProjects\LAp\LaptopStore.exe"
Args length:	54/32768 chars
Exit code:	0


Version:	3.50
CmdLine:	C:\Users\Admin\IdeaProjects\LAp\LaptopStore.exe --l4j-debug
JNI:		No
WOW64:		Yes
Working dir:	C:\Users\Admin\IdeaProjects\LAp\.
Requires JDK:	No
Requires 64-Bit: No
Java min ver:	1.011.000
Java max ver:	
Substitute:	EXEDIR = C:\Users\Admin\IdeaProjects\LAp
JRE paths:	C:\Users\Admin\IdeaProjects\LAp\jre
Check launcher:	C:\Users\Admin\IdeaProjects\LAp\jre\bin\javaw.exe (OK)
Version string: 1.011.000_027 / 64-Bit (OK)
Launcher:	C:\Users\Admin\IdeaProjects\LAp\jre\bin\javaw.exe
Launcher args:	-jar "C:\Users\Admin\IdeaProjects\LAp\LaptopStore.exe"
Args length:	54/32768 chars
Exit code:	1, restarting the application!
Exit code:	1, restarting the application!
Exit code:	1, restarting the application!
Exit code:	1, restarting the application!
Exit code:	1, restarting the application!
Exit code:	1, restarting the application!
Exit code:	1, restarting the application!
Exit code:	1, restarting the application!
Exit code:	1, restarting the application!
Exit code:	1, restarting the application!
Exit code:	1, restarting the application!
Exit code:	1, restarting the application!
Exit code:	1, restarting the application!
Exit code:	1, restarting the application!
Exit code:	1, restarting the application!
Exit code:	1, restarting the application!
Exit code:	1, restarting the application!
Exit code:	1, restarting the application!
Exit code:	1, restarting the application!
Exit code:	1, restarting the application!
Exit code:	1, restarting the application!
Exit code:	1, restarting the application!
Exit code:	1, restarting the application!
Exit code:	1, restarting the application!
Exit code:	1, restarting the application!
Exit code:	1, restarting the application!
Exit code:	1, restarting the application!
Exit code:	1, restarting the application!
Exit code:	1, restarting the application!
Exit code:	1, restarting the application!
Exit code:	1, restarting the application!
Exit code:	1, restarting the application!
Exit code:	1, restarting the application!
Exit code:	1, restarting the application!
Exit code:	1, restarting the application!
Exit code:	1, restarting the application!
Exit code:	1, restarting the application!
Exit code:	1, restarting the application!
Exit code:	1, restarting the application!
Exit code:	1, restarting the application!
Exit code:	1, restarting the application!
Exit code:	1, restarting the application!
Exit code:	1, restarting the application!
Exit code:	1, restarting the application!
Exit code:	1, restarting the application!
Exit code:	1, restarting the application!
Exit code:	1, restarting the application!
Exit code:	1, restarting the application!
Exit code:	1, restarting the application!
Exit code:	1, restarting the application!
Exit code:	1, restarting the application!
Exit code:	1, restarting the application!
Exit code:	1, restarting the application!
Exit code:	1, restarting the application!
Exit code:	1, restarting the application!
Exit code:	1, restarting the application!
Exit code:	1, restarting the application!
Exit code:	1, restarting the application!
Exit code:	1, restarting the application!
Exit code:	1, restarting the application!
Exit code:	1, restarting the application!
Exit code:	1, restarting the application!
Exit code:	1, restarting the application!
Exit code:	1, restarting the application!
Exit code:	1, restarting the application!
Exit code:	1, restarting the application!
Exit code:	1, restarting the application!
Exit code:	1, restarting the application!
Exit code:	1, restarting the application!
Exit code:	1, restarting the application!
Exit code:	1, restarting the application!
Exit code:	1, restarting the application!
Exit code:	1, restarting the application!
Exit code:	1, restarting the application!
Exit code:	1, restarting the application!
Exit code:	1, restarting the application!
Exit code:	1, restarting the application!
Exit code:	1, restarting the application!
Exit code:	1, restarting the application!
Exit code:	1, restarting the application!
Exit code:	1, restarting the application!
Exit code:	1, restarting the application!
Exit code:	1, restarting the application!
Exit code:	1, restarting the application!
Exit code:	1, restarting the application!
Exit code:	1, restarting the application!
Exit code:	1, restarting the application!
Exit code:	1, restarting the application!
Exit code:	1, restarting the application!
Exit code:	1, restarting the application!
Exit code:	1, restarting the application!
Exit code:	1, restarting the application!
Exit code:	1, restarting the application!
Exit code:	1, restarting the application!
Exit code:	1, restarting the application!
Exit code:	1, restarting the application!
Exit code:	1, restarting the application!
Exit code:	1, restarting the application!
Exit code:	1, restarting the application!
Exit code:	1, restarting the application!
Exit code:	1, restarting the application!
Exit code:	1, restarting the application!
Exit code:	1, restarting the application!
Exit code:	1, restarting the application!
Exit code:	1, restarting the application!
Exit code:	1, restarting the application!
Exit code:	1, restarting the application!
Exit code:	1, restarting the application!
Exit code:	1, restarting the application!
Exit code:	1, restarting the application!
Exit code:	1, restarting the application!
Exit code:	1, restarting the application!
Exit code:	1, restarting the application!
Exit code:	1, restarting the application!
Exit code:	1, restarting the application!
Exit code:	1, restarting the application!
Exit code:	1, restarting the application!
Exit code:	1, restarting the application!
Exit code:	1, restarting the application!
Exit code:	1, restarting the application!
Exit code:	1, restarting the application!
Exit code:	1, restarting the application!
Exit code:	1, restarting the application!
Exit code:	1, restarting the application!
Exit code:	1, restarting the application!
Exit code:	1, restarting the application!
Exit code:	1, restarting the application!
Exit code:	1, restarting the application!
Exit code:	1, restarting the application!
Exit code:	1, restarting the application!
Exit code:	1, restarting the application!
Exit code:	1, restarting the application!
Exit code:	1, restarting the application!
Exit code:	1, restarting the application!
Exit code:	1, restarting the application!
Exit code:	1, restarting the application!
Exit code:	1, restarting the application!
Exit code:	1, restarting the application!
Exit code:	1, restarting the application!
Exit code:	1, restarting the application!
Exit code:	1, restarting the application!
Exit code:	1, restarting the application!
Exit code:	1, restarting the application!
Exit code:	1, restarting the application!
Exit code:	1, restarting the application!
Exit code:	1, restarting the application!
Exit code:	1, restarting the application!
Exit code:	1, restarting the application!
Exit code:	1, restarting the application!
Exit code:	1, restarting the application!
Exit code:	1, restarting the application!
Exit code:	1, restarting the application!
Exit code:	1, restarting the application!
Exit code:	1, restarting the application!
Exit code:	1, restarting the application!
Exit code:	1, restarting the application!
Exit code:	1, restarting the application!
Exit code:	1, restarting the application!
Exit code:	1, restarting the application!
Exit code:	1, restarting the application!
Exit code:	1, restarting the application!
Exit code:	1, restarting the application!
Exit code:	1, restarting the application!
Exit code:	1, restarting the application!
Exit code:	1, restarting the application!
Exit code:	1, restarting the application!
Exit code:	1, restarting the application!
Exit code:	1, restarting the application!
Exit code:	1, restarting the application!
Exit code:	1, restarting the application!
Exit code:	1, restarting the application!
Exit code:	1, restarting the application!
Exit code:	1, restarting the application!
Exit code:	1, restarting the application!
Exit code:	1, restarting the application!
Exit code:	1, restarting the application!
Exit code:	1, restarting the application!
Exit code:	1, restarting the application!
Exit code:	1, restarting the application!
Exit code:	1, restarting the application!
Exit code:	1, restarting the application!
Exit code:	1, restarting the application!
Exit code:	1, restarting the application!
Exit code:	1, restarting the application!
Exit code:	1, restarting the application!
Exit code:	1, restarting the application!
Exit code:	1, restarting the application!
Exit code:	1, restarting the application!
Exit code:	1, restarting the application!
Exit code:	1, restarting the application!
Exit code:	1, restarting the application!
Exit code:	1, restarting the application!
Exit code:	1, restarting the application!
Exit code:	1, restarting the application!
Exit code:	1, restarting the application!
Exit code:	1, restarting the application!
Exit code:	1, restarting the application!
Exit code:	1, restarting the application!
Exit code:	1, restarting the application!
Exit code:	1, restarting the application!
Exit code:	1, restarting the application!
Exit code:	1, restarting the application!
Exit code:	1, restarting the application!
Exit code:	1, restarting the application!
Exit code:	1, restarting the application!
Exit code:	1, restarting the application!
Exit code:	1, restarting the application!
Exit code:	1, restarting the application!
Exit code:	1, restarting the application!
Exit code:	1, restarting the application!
Exit code:	1, restarting the application!
Exit code:	1, restarting the application!
Exit code:	1, restarting the application!
Exit code:	1, restarting the application!
Exit code:	1, restarting the application!
Exit code:	1, restarting the application!
Exit code:	1, restarting the application!
Exit code:	1, restarting the application!
Exit code:	1, restarting the application!
Exit code:	1, restarting the application!
Exit code:	1, restarting the application!
Exit code:	1, restarting the application!
Exit code:	1, restarting the application!
Exit code:	1, restarting the application!
Exit code:	1, restarting the application!
Exit code:	1, restarting the application!
Exit code:	1, restarting the application!
Exit code:	1, restarting the application!
Exit code:	1, restarting the application!
Exit code:	1, restarting the application!
Exit code:	1, restarting the application!
Exit code:	1, restarting the application!
Exit code:	1, restarting the application!
Exit code:	1, restarting the application!
Exit code:	1, restarting the application!
Exit code:	1, restarting the application!
Exit code:	1, restarting the application!
Exit code:	1, restarting the application!
Exit code:	1, restarting the application!
Exit code:	1, restarting the application!
Exit code:	1, restarting the application!
Exit code:	1, restarting the application!
Exit code:	1, restarting the application!
Exit code:	1, restarting the application!
Exit code:	1, restarting the application!
Exit code:	1, restarting the application!
Exit code:	1, restarting the application!
Exit code:	1, restarting the application!
Exit code:	1, restarting the application!
Exit code:	1, restarting the application!
Exit code:	1, restarting the application!
Exit code:	1, restarting the application!
Exit code:	1, restarting the application!
Exit code:	1, restarting the application!
Exit code:	1, restarting the application!
Exit code:	1, restarting the application!
Exit code:	1, restarting the application!
Exit code:	1, restarting the application!
Exit code:	1, restarting the application!
Exit code:	1, restarting the application!
Exit code:	1, restarting the application!
Exit code:	1, restarting the application!
Exit code:	1, restarting the application!
Exit code:	1, restarting the application!
Exit code:	1, restarting the application!
Exit code:	1, restarting the application!
Exit code:	1, restarting the application!
Exit code:	1, restarting the application!
Exit code:	1, restarting the application!
Exit code:	1, restarting the application!
Exit code:	1, restarting the application!
Exit code:	1, restarting the application!
Exit code:	1, restarting the application!
Exit code:	1, restarting the application!
Exit code:	1, restarting the application!
Exit code:	1, restarting the application!
Exit code:	1, restarting the application!
Exit code:	1, restarting the application!
Exit code:	1, restarting the application!
Exit code:	1, restarting the application!
Exit code:	1, restarting the application!
Exit code:	1, restarting the application!
Exit code:	1, restarting the application!
Exit code:	1, restarting the application!
Exit code:	1, restarting the application!
Exit code:	1, restarting the application!
Exit code:	1, restarting the application!
Exit code:	1, restarting the application!
Exit code:	1, restarting the application!
Exit code:	1, restarting the application!
Exit code:	1, restarting the application!
Exit code:	1, restarting the application!
Exit code:	1, restarting the application!
Exit code:	1, restarting the application!
Exit code:	1, restarting the application!
Exit code:	1, restarting the application!
Exit code:	1, restarting the application!
Exit code:	1, restarting the application!
Exit code:	1, restarting the application!
Exit code:	1, restarting the application!
Exit code:	1, restarting the application!
Exit code:	1, restarting the application!
Exit code:	1, restarting the application!
Exit code:	1, restarting the application!
Exit code:	1, restarting the application!
Exit code:	1, restarting the application!
Exit code:	1, restarting the application!
Exit code:	1, restarting the application!
Exit code:	1, restarting the application!
Exit code:	1, restarting the application!
Exit code:	1, restarting the application!
Exit code:	1, restarting the application!
Exit code:	1, restarting the application!
Exit code:	1, restarting the application!
Exit code:	1, restarting the application!
Exit code:	1, restarting the application!
Exit code:	1, restarting the application!
Exit code:	1, restarting the application!
Exit code:	1, restarting the application!
Exit code:	1, restarting the application!
Exit code:	1, restarting the application!
Exit code:	1, restarting the application!
Exit code:	1, restarting the application!
Exit code:	1, restarting the application!
Exit code:	1, restarting the application!
Exit code:	1, restarting the application!
Exit code:	1, restarting the application!
Exit code:	1, restarting the application!
Exit code:	1, restarting the application!
Exit code:	1, restarting the application!
Exit code:	1, restarting the application!
Exit code:	1, restarting the application!
Exit code:	1, restarting the application!
Exit code:	1, restarting the application!
Exit code:	1, restarting the application!
Exit code:	1, restarting the application!
Exit code:	1, restarting the application!
Exit code:	1, restarting the application!
Exit code:	1, restarting the application!
Exit code:	1, restarting the application!
Exit code:	1, restarting the application!
Exit code:	1, restarting the application!
Exit code:	1, restarting the application!
Exit code:	1, restarting the application!
Exit code:	1, restarting the application!
Exit code:	1, restarting the application!
Exit code:	1, restarting the application!
Exit code:	1, restarting the application!
Exit code:	1, restarting the application!
Exit code:	1, restarting the application!
Exit code:	1, restarting the application!
Exit code:	1, restarting the application!
Exit code:	1, restarting the application!
Exit code:	1, restarting the application!
Exit code:	1, restarting the application!
Exit code:	1, restarting the application!
Exit code:	1, restarting the application!
Exit code:	1, restarting the application!
Exit code:	1, restarting the application!
Exit code:	1, restarting the application!
Exit code:	1, restarting the application!
Exit code:	1, restarting the application!
Exit code:	1, restarting the application!
Exit code:	1, restarting the application!
Exit code:	1, restarting the application!
Exit code:	1, restarting the application!
Exit code:	1, restarting the application!
Exit code:	1, restarting the application!
Exit code:	1, restarting the application!
Exit code:	1, restarting the application!
Exit code:	1, restarting the application!
Exit code:	1, restarting the application!
Exit code:	1, restarting the application!
Exit code:	1, restarting the application!
Exit code:	1, restarting the application!
Exit code:	1, restarting the application!
Exit code:	1, restarting the application!
Exit code:	1, restarting the application!
Exit code:	1, restarting the application!
Exit code:	1, restarting the application!
Exit code:	1, restarting the application!
Exit code:	1, restarting the application!
Exit code:	1, restarting the application!
Exit code:	1, restarting the application!
Exit code:	1, restarting the application!
Exit code:	1, restarting the application!
Exit code:	1, restarting the application!
Exit code:	1, restarting the application!
Exit code:	1, restarting the application!
Exit code:	1, restarting the application!
Exit code:	1, restarting the application!
Exit code:	1, restarting the application!
Exit code:	1, restarting the application!
Exit code:	1, restarting the application!
Exit code:	1, restarting the application!
Exit code:	1, restarting the application!
Exit code:	1, restarting the application!
Exit code:	1, restarting the application!
Exit code:	1, restarting the application!
Exit code:	1, restarting the application!
Exit code:	1, restarting the application!
Exit code:	1, restarting the application!
Exit code:	1, restarting the application!
Exit code:	1, restarting the application!
Exit code:	1, restarting the application!
Exit code:	1, restarting the application!
Exit code:	1, restarting the application!
Exit code:	1, restarting the application!
Exit code:	1, restarting the application!
Exit code:	1, restarting the application!
Exit code:	1, restarting the application!
Exit code:	1, restarting the application!
Exit code:	1, restarting the application!
Exit code:	1, restarting the application!
Exit code:	1, restarting the application!
Exit code:	1, restarting the application!
Exit code:	1, restarting the application!
Exit code:	1, restarting the application!
Exit code:	1, restarting the application!
Exit code:	1, restarting the application!
Exit code:	1, restarting the application!
Exit code:	1, restarting the application!
Exit code:	1, restarting the application!
Exit code:	1, restarting the application!
Exit code:	1, restarting the application!
Exit code:	1, restarting the application!
Exit code:	1, restarting the application!
Exit code:	1, restarting the application!
Exit code:	1, restarting the application!
Exit code:	1, restarting the application!
Exit code:	1, restarting the application!
Exit code:	1, restarting the application!
Exit code:	1, restarting the application!
Exit code:	1, restarting the application!
Exit code:	1, restarting the application!
Exit code:	1, restarting the application!
Exit code:	1, restarting the application!
Exit code:	1, restarting the application!
Exit code:	1, restarting the application!
Exit code:	1, restarting the application!
Exit code:	1, restarting the application!
Exit code:	1, restarting the application!
Exit code:	1, restarting the application!
Exit code:	1, restarting the application!
Exit code:	1, restarting the application!
Exit code:	1, restarting the application!
Exit code:	1, restarting the application!
Exit code:	1, restarting the application!
Exit code:	1, restarting the application!
Exit code:	1, restarting the application!
Exit code:	1, restarting the application!
Exit code:	1, restarting the application!
Exit code:	1, restarting the application!
Exit code:	1, restarting the application!
Exit code:	1, restarting the application!
Exit code:	1, restarting the application!
Exit code:	1, restarting the application!
Exit code:	1, restarting the application!
Exit code:	1, restarting the application!
Exit code:	1, restarting the application!
Exit code:	1, restarting the application!
Exit code:	1, restarting the application!
Exit code:	1, restarting the application!
Exit code:	1, restarting the application!
Exit code:	1, restarting the application!
Exit code:	1, restarting the application!
Exit code:	1, restarting the application!
Exit code:	1, restarting the application!
Exit code:	1, restarting the application!
Exit code:	1, restarting the application!
Exit code:	1, restarting the application!
Exit code:	1, restarting the application!
Exit code:	1, restarting the application!
Exit code:	1

Version:	3.50
CmdLine:	C:\Users\Admin\IdeaProjects\LAp\LaptopStore.exe --l4j-debug
JNI:		No
WOW64:		Yes
Working dir:	C:\Users\Admin\IdeaProjects\LAp\.
Requires JDK:	No
Requires 64-Bit: No
Java min ver:	1.011.000
Java max ver:	
Substitute:	EXEDIR = C:\Users\Admin\IdeaProjects\LAp
JRE paths:	C:\Users\Admin\IdeaProjects\LAp\jre
Check launcher:	C:\Users\Admin\IdeaProjects\LAp\jre\bin\javaw.exe (OK)
Version string: 1.011.000_027 / 64-Bit (OK)
Launcher:	C:\Users\Admin\IdeaProjects\LAp\jre\bin\javaw.exe
Launcher args:	-jar "C:\Users\Admin\IdeaProjects\LAp\LaptopStore.exe"
Args length:	54/32768 chars
Exit code:	0


Version:	3.50
CmdLine:	C:\Users\Admin\IdeaProjects\LAp\LaptopStore.exe --l4j-debug
JNI:		No
WOW64:		Yes
Working dir:	C:\Users\Admin\IdeaProjects\LAp\.
Requires JDK:	No
Requires 64-Bit: No
Java min ver:	1.011.000
Java max ver:	
Substitute:	EXEDIR = C:\Users\Admin\IdeaProjects\LAp
JRE paths:	C:\Users\Admin\IdeaProjects\LAp\jre
Check launcher:	C:\Users\Admin\IdeaProjects\LAp\jre\bin\javaw.exe (OK)
Version string: 1.011.000_027 / 64-Bit (OK)
Launcher:	C:\Users\Admin\IdeaProjects\LAp\jre\bin\javaw.exe
Launcher args:	-jar "C:\Users\Admin\IdeaProjects\LAp\LaptopStore.exe"
Args length:	54/32768 chars
Exit code:	0


Version:	3.50
CmdLine:	C:\Users\Admin\IdeaProjects\LAp\LaptopStore.exe --l4j-debug
JNI:		No
WOW64:		Yes
Working dir:	C:\Users\Admin\IdeaProjects\LAp\.
Requires JDK:	No
Requires 64-Bit: No
Java min ver:	1.011.000
Java max ver:	
Substitute:	EXEDIR = C:\Users\Admin\IdeaProjects\LAp
JRE paths:	C:\Users\Admin\IdeaProjects\LAp\jre
Check launcher:	C:\Users\Admin\IdeaProjects\LAp\jre\bin\javaw.exe (OK)
Version string: 1.011.000_027 / 64-Bit (OK)
Launcher:	C:\Users\Admin\IdeaProjects\LAp\jre\bin\javaw.exe
Launcher args:	-jar "C:\Users\Admin\IdeaProjects\LAp\LaptopStore.exe"
Args length:	54/32768 chars
Exit code:	0


Version:	3.50
CmdLine:	C:\Users\Admin\IdeaProjects\LAp\LaptopStore.exe --l4j-debug
JNI:		No
WOW64:		Yes
Working dir:	C:\Users\Admin\IdeaProjects\LAp\.
Requires JDK:	No
Requires 64-Bit: No
Java min ver:	1.011.000
Java max ver:	
Substitute:	EXEDIR = C:\Users\Admin\IdeaProjects\LAp
JRE paths:	C:\Users\Admin\IdeaProjects\LAp\jre
Check launcher:	C:\Users\Admin\IdeaProjects\LAp\jre\bin\javaw.exe (OK)
Version string: 1.011.000_027 / 64-Bit (OK)
Launcher:	C:\Users\Admin\IdeaProjects\LAp\jre\bin\javaw.exe
Launcher args:	-jar "C:\Users\Admin\IdeaProjects\LAp\LaptopStore.exe"
Args length:	54/32768 chars
Exit code:	0


Version:	3.50
CmdLine:	C:\Users\Admin\IdeaProjects\LAp\LaptopStore.exe --l4j-debug
JNI:		No
WOW64:		Yes
Working dir:	C:\Users\Admin\IdeaProjects\LAp\.
Requires JDK:	No
Requires 64-Bit: No
Java min ver:	1.011.000
Java max ver:	
Substitute:	EXEDIR = C:\Users\Admin\IdeaProjects\LAp
JRE paths:	C:\Users\Admin\IdeaProjects\LAp\jre
Check launcher:	C:\Users\Admin\IdeaProjects\LAp\jre\bin\javaw.exe (OK)
Version string: 1.011.000_027 / 64-Bit (OK)
Launcher:	C:\Users\Admin\IdeaProjects\LAp\jre\bin\javaw.exe
Launcher args:	-jar "C:\Users\Admin\IdeaProjects\LAp\LaptopStore.exe"
Args length:	54/32768 chars
Exit code:	0


Version:	3.50
CmdLine:	C:\Users\Admin\IdeaProjects\LAp\LaptopStore.exe --l4j-debug
JNI:		No
WOW64:		Yes
Working dir:	C:\Users\Admin\IdeaProjects\LAp\.
Requires JDK:	No
Requires 64-Bit: No
Java min ver:	1.011.000
Java max ver:	
Substitute:	EXEDIR = C:\Users\Admin\IdeaProjects\LAp
JRE paths:	C:\Users\Admin\IdeaProjects\LAp\jre
Check launcher:	C:\Users\Admin\IdeaProjects\LAp\jre\bin\javaw.exe (OK)
Version string: 1.011.000_027 / 64-Bit (OK)
Launcher:	C:\Users\Admin\IdeaProjects\LAp\jre\bin\javaw.exe
Launcher args:	-jar "C:\Users\Admin\IdeaProjects\LAp\LaptopStore.exe"
Args length:	54/32768 chars
Exit code:	0


Version:	3.50
CmdLine:	C:\Users\Admin\IdeaProjects\LAp\LaptopStore.exe --l4j-debug
JNI:		No
WOW64:		Yes
Working dir:	C:\Users\Admin\IdeaProjects\LAp\.
Requires JDK:	No
Requires 64-Bit: No
Java min ver:	1.011.000
Java max ver:	
Substitute:	EXEDIR = C:\Users\Admin\IdeaProjects\LAp
JRE paths:	C:\Users\Admin\IdeaProjects\LAp\jre
Check launcher:	C:\Users\Admin\IdeaProjects\LAp\jre\bin\javaw.exe (OK)
Version string: 1.011.000_027 / 64-Bit (OK)
Substitute:	EXEDIR = C:\Users\Admin\IdeaProjects\LAp
Launcher:	C:\Users\Admin\IdeaProjects\LAp\jre\bin\javaw.exe
Launcher args:	C:\Users\Admin\IdeaProjects\LAp\javafx-17.0.15 -jar "C:\Users\Admin\IdeaProjects\LAp\LaptopStore.exe"
Args length:	101/32768 chars
Exit code:	0


Version:	3.50
CmdLine:	C:\Users\Admin\IdeaProjects\LAp\LaptopStore.exe --l4j-debug
JNI:		No
WOW64:		Yes
Working dir:	C:\Users\Admin\IdeaProjects\LAp\.
Requires JDK:	No
Requires 64-Bit: No
Java min ver:	1.011.000
Java max ver:	
Substitute:	EXEDIR = C:\Users\Admin\IdeaProjects\LAp
JRE paths:	C:\Users\Admin\IdeaProjects\LAp\jre
Check launcher:	C:\Users\Admin\IdeaProjects\LAp\jre\bin\javaw.exe (OK)
Version string: 1.011.000_027 / 64-Bit (OK)
Launcher:	C:\Users\Admin\IdeaProjects\LAp\jre\bin\javaw.exe
Launcher args:	C:\Users\Admin\IdeaProjects\LAp\javafx-sdk-17.0.10 -jar "C:\Users\Admin\IdeaProjects\LAp\LaptopStore.exe"
Args length:	105/32768 chars
Exit code:	0


Version:	3.50
CmdLine:	C:\Users\Admin\IdeaProjects\LAp\LaptopStore.exe --l4j-debug
JNI:		No
WOW64:		Yes
Working dir:	C:\Users\Admin\IdeaProjects\LAp\.
Requires JDK:	No
Requires 64-Bit: No
Java min ver:	1.011.000
Java max ver:	
Substitute:	EXEDIR = C:\Users\Admin\IdeaProjects\LAp
JRE paths:	C:\Users\Admin\IdeaProjects\LAp\jre
Check launcher:	C:\Users\Admin\IdeaProjects\LAp\jre\bin\javaw.exe (OK)
Version string: 1.011.000_027 / 64-Bit (OK)
Launcher:	C:\Users\Admin\IdeaProjects\LAp\jre\bin\javaw.exe
Launcher args:	-jar "C:\Users\Admin\IdeaProjects\LAp\LaptopStore.exe"
Args length:	54/32768 chars
Exit code:	0


Version:	3.50
CmdLine:	C:\Users\Admin\IdeaProjects\LAp\LaptopStore.exe --l4j-debug
JNI:		No
WOW64:		Yes
Working dir:	C:\Users\Admin\IdeaProjects\LAp\.
Requires JDK:	No
Requires 64-Bit: No
Java min ver:	1.011.000
Java max ver:	
Substitute:	EXEDIR = C:\Users\Admin\IdeaProjects\LAp
JRE paths:	C:\Users\Admin\IdeaProjects\LAp\jre
Check launcher:	C:\Users\Admin\IdeaProjects\LAp\jre\bin\javaw.exe (OK)
Version string: 1.011.000_027 / 64-Bit (OK)
Launcher:	C:\Users\Admin\IdeaProjects\LAp\jre\bin\javaw.exe
Launcher args:	-jar "C:\Users\Admin\IdeaProjects\LAp\LaptopStore.exe"
Args length:	54/32768 chars
Exit code:	0


Version:	3.50
CmdLine:	C:\Users\Admin\IdeaProjects\LAp\LaptopStore.exe --l4j-debug
JNI:		No
WOW64:		Yes
Working dir:	C:\Users\Admin\IdeaProjects\LAp\.
Requires JDK:	No
Requires 64-Bit: No
Java min ver:	1.011.000
Java max ver:	
Substitute:	EXEDIR = C:\Users\Admin\IdeaProjects\LAp
JRE paths:	C:\Users\Admin\IdeaProjects\LAp\jre
Check launcher:	C:\Users\Admin\IdeaProjects\LAp\jre\bin\javaw.exe (OK)
Version string: 1.011.000_027 / 64-Bit (OK)
Substitute:	C:\Users\Admin\IdeaProjects\LAp\javafx-sdk-17.0.10 = 
Launcher:	C:\Users\Admin\IdeaProjects\LAp\jre\bin\javaw.exe
Launcher args:	-Denv.c:\users\admin\ideaprojects\lap\javafx-sdk-17.0.10="" -jar "C:\Users\Admin\IdeaProjects\LAp\LaptopStore.exe"
Args length:	114/32768 chars
Exit code:	0


Version:	3.50
CmdLine:	C:\Users\Admin\IdeaProjects\LAp\LaptopStore.exe --l4j-debug
JNI:		No
WOW64:		Yes
Working dir:	C:\Users\Admin\IdeaProjects\LAp\.
Requires JDK:	No
Requires 64-Bit: No
Java min ver:	1.011.000
Java max ver:	
Substitute:	EXEDIR = C:\Users\Admin\IdeaProjects\LAp
JRE paths:	C:\Users\Admin\IdeaProjects\LAp\jre
Check launcher:	C:\Users\Admin\IdeaProjects\LAp\jre\bin\javaw.exe (OK)
Version string: 1.011.000_027 / 64-Bit (OK)
Launcher:	C:\Users\Admin\IdeaProjects\LAp\jre\bin\javaw.exe
Launcher args:	--module-path "C:\Users\Admin\IdeaProjects\LAp\javafx-sdk-17.0.10\lib" -jar "C:\Users\Admin\IdeaProjects\LAp\LaptopStore.exe"
Args length:	125/32768 chars
Exit code:	0


Version:	3.50
CmdLine:	C:\Users\Admin\IdeaProjects\LAp\LaptopStore.exe --l4j-debug
JNI:		No
WOW64:		Yes
Working dir:	C:\Users\Admin\IdeaProjects\LAp\.
Requires JDK:	No
Requires 64-Bit: No
Java min ver:	1.011.000
Java max ver:	
Substitute:	EXEDIR = C:\Users\Admin\IdeaProjects\LAp
JRE paths:	C:\Users\Admin\IdeaProjects\LAp\jre
Check launcher:	C:\Users\Admin\IdeaProjects\LAp\jre\bin\javaw.exe (OK)
Version string: 1.011.000_027 / 64-Bit (OK)
Launcher:	C:\Users\Admin\IdeaProjects\LAp\jre\bin\javaw.exe
Launcher args:	--module-path "C:\Users\Admin\IdeaProjects\LAp\javafx-17.0.15\lib" -jar "C:\Users\Admin\IdeaProjects\LAp\LaptopStore.exe"
Args length:	121/32768 chars
Exit code:	0


Version:	3.50
CmdLine:	C:\Users\Admin\IdeaProjects\LAp\LaptopStore.exe --l4j-debug
JNI:		No
WOW64:		Yes
Working dir:	C:\Users\Admin\IdeaProjects\LAp\.
Requires JDK:	No
Requires 64-Bit: No
Java min ver:	1.017.000
Java max ver:	
Substitute:	EXEDIR = C:\Users\Admin\IdeaProjects\LAp
JRE paths:	C:\Users\Admin\IdeaProjects\LAp\jre
Check launcher:	C:\Users\Admin\IdeaProjects\LAp\jre\bin\javaw.exe (OK)
Version string: 1.011.000_027 / 64-Bit (Ignore)
64-bit search:	SOFTWARE\JavaSoft\Java Runtime Environment...
32-bit search:	SOFTWARE\JavaSoft\Java Runtime Environment...
Check:		SOFTWARE\JavaSoft\Java Runtime Environment\1.8
Version string: 1.008.000 / 32-Bit (Ignore)
Ignore:		1.008.000
Check:		SOFTWARE\JavaSoft\Java Runtime Environment\1.8.0_441
Version string: 1.008.000_441 / 32-Bit (Ignore)
Ignore:		1.008.000_441
64-bit search:	SOFTWARE\JavaSoft\Java Development Kit...
32-bit search:	SOFTWARE\JavaSoft\Java Development Kit...
64-bit search:	SOFTWARE\JavaSoft\JRE...
32-bit search:	SOFTWARE\JavaSoft\JRE...
64-bit search:	SOFTWARE\JavaSoft\JDK...
32-bit search:	SOFTWARE\JavaSoft\JDK...
64-bit search:	SOFTWARE\IBM\Java Runtime Environment...
32-bit search:	SOFTWARE\IBM\Java Runtime Environment...
64-bit search:	SOFTWARE\IBM\Java Development Kit...
32-bit search:	SOFTWARE\IBM\Java Development Kit...
64-bit search:	SOFTWARE\IBM\Java2 Runtime Environment...
32-bit search:	SOFTWARE\IBM\Java2 Runtime Environment...
64-bit search:	SOFTWARE\IBM\Java Development Kit...
32-bit search:	SOFTWARE\IBM\Java Development Kit...
Error msg:	This application requires a Java Runtime Environment 17


Version:	3.50
CmdLine:	C:\Users\Admin\IdeaProjects\LAp\LaptopStore.exe --l4j-debug
JNI:		No
WOW64:		Yes
Working dir:	C:\Users\Admin\IdeaProjects\LAp\.
Requires JDK:	No
Requires 64-Bit: No
Java min ver:	1.011.000
Java max ver:	
Substitute:	EXEDIR = C:\Users\Admin\IdeaProjects\LAp
JRE paths:	C:\Users\Admin\IdeaProjects\LAp\jre
Check launcher:	C:\Users\Admin\IdeaProjects\LAp\jre\bin\javaw.exe (OK)
Version string: 1.011.000_027 / 64-Bit (OK)
Substitute:	EXEDIR = C:\Users\Admin\IdeaProjects\LAp
Launcher:	C:\Users\Admin\IdeaProjects\LAp\jre\bin\javaw.exe
Launcher args:	--module-path "C:\Users\Admin\IdeaProjects\LAp\javafx_libs" --add-modules javafx.controls,javafx.fxml -jar "C:\Users\Admin\IdeaProjects\LAp\LaptopStore.exe"
Args length:	156/32768 chars
Exit code:	0


Version:	3.50
CmdLine:	C:\Users\Admin\IdeaProjects\LAp\LaptopStore.exe --l4j-debug
JNI:		No
WOW64:		Yes
Working dir:	C:\Users\Admin\IdeaProjects\LAp\.
Requires JDK:	No
Requires 64-Bit: No
Java min ver:	1.011.000
Java max ver:	
Substitute:	EXEDIR = C:\Users\Admin\IdeaProjects\LAp
JRE paths:	C:\Users\Admin\IdeaProjects\LAp\jre
Check launcher:	C:\Users\Admin\IdeaProjects\LAp\jre\bin\javaw.exe (OK)
Version string: 1.011.000_027 / 64-Bit (OK)
Substitute:	EXEDIR = C:\Users\Admin\IdeaProjects\LAp
Launcher:	C:\Users\Admin\IdeaProjects\LAp\jre\bin\javaw.exe
Launcher args:	--module-path "C:\Users\Admin\IdeaProjects\LAp\javafx_libs" --add-modules javafx.controls,javafx.fxml -jar "C:\Users\Admin\IdeaProjects\LAp\LaptopStore.exe"
Args length:	156/32768 chars
Exit code:	0


Version:	3.50
CmdLine:	C:\Users\Admin\IdeaProjects\LAp\LaptopStore.exe --l4j-debug
JNI:		No
WOW64:		Yes
Working dir:	C:\Users\Admin\IdeaProjects\LAp\.
Requires JDK:	No
Requires 64-Bit: No
Java min ver:	1.011.000
Java max ver:	
Substitute:	EXEDIR = C:\Users\Admin\IdeaProjects\LAp
JRE paths:	C:\Users\Admin\IdeaProjects\LAp\jre
Check launcher:	C:\Users\Admin\IdeaProjects\LAp\jre\bin\javaw.exe (OK)
Version string: 1.011.000_027 / 64-Bit (OK)
Substitute:	EXEDIR = C:\Users\Admin\IdeaProjects\LAp
Launcher:	C:\Users\Admin\IdeaProjects\LAp\jre\bin\javaw.exe
Launcher args:	--module-path "C:\Users\Admin\IdeaProjects\LAp\javafx_libs" --add-modules javafx.controls,javafx.fxml -jar "C:\Users\Admin\IdeaProjects\LAp\LaptopStore.exe"
Args length:	156/32768 chars
Exit code:	0


Version:	3.50
CmdLine:	C:\Users\Admin\IdeaProjects\LAp\LaptopStore.exe --l4j-debug
JNI:		No
WOW64:		Yes
Working dir:	C:\Users\Admin\IdeaProjects\LAp\.
Requires JDK:	No
Requires 64-Bit: No
Java min ver:	1.011.000
Java max ver:	
Substitute:	EXEDIR = C:\Users\Admin\IdeaProjects\LAp
JRE paths:	C:\Users\Admin\IdeaProjects\LAp\jre
Check launcher:	C:\Users\Admin\IdeaProjects\LAp\jre\bin\javaw.exe (OK)
Version string: 1.011.000_027 / 64-Bit (OK)
Substitute:	EXEDIR = C:\Users\Admin\IdeaProjects\LAp
Launcher:	C:\Users\Admin\IdeaProjects\LAp\jre\bin\javaw.exe
Launcher args:	--module-path "C:\Users\Admin\IdeaProjects\LAp\javafx_libs" --add-modules javafx.controls,javafx.fxml -jar "C:\Users\Admin\IdeaProjects\LAp\LaptopStore.exe"
Args length:	156/32768 chars
Exit code:	0


Version:	3.50
CmdLine:	C:\Users\Admin\IdeaProjects\LAp\LaptopStore.exe --l4j-debug
JNI:		No
WOW64:		Yes
Working dir:	C:\Users\Admin\IdeaProjects\LAp\.
Requires JDK:	No
Requires 64-Bit: No
Java min ver:	1.011.000
Java max ver:	
Substitute:	EXEDIR = C:\Users\Admin\IdeaProjects\LAp
JRE paths:	C:\Users\Admin\IdeaProjects\LAp\jre
Check launcher:	C:\Users\Admin\IdeaProjects\LAp\jre\bin\javaw.exe (OK)
Version string: 1.011.000_027 / 64-Bit (OK)
Substitute:	EXEDIR = C:\Users\Admin\IdeaProjects\LAp
Launcher:	C:\Users\Admin\IdeaProjects\LAp\jre\bin\javaw.exe
Launcher args:	--module-path "C:\Users\Admin\IdeaProjects\LAp\javafx_libs" --add-modules javafx.controls,javafx.fxml -jar "C:\Users\Admin\IdeaProjects\LAp\LaptopStore.exe"
Args length:	156/32768 chars
Exit code:	0


Version:	3.50
CmdLine:	C:\Users\Admin\IdeaProjects\LAp\LaptopStore.exe --l4j-debug
JNI:		No
WOW64:		Yes
Working dir:	C:\Users\Admin\IdeaProjects\LAp\.
Requires JDK:	No
Requires 64-Bit: No
Java min ver:	1.011.000
Java max ver:	
Substitute:	EXEDIR = C:\Users\Admin\IdeaProjects\LAp
JRE paths:	C:\Users\Admin\IdeaProjects\LAp\jre
Check launcher:	C:\Users\Admin\IdeaProjects\LAp\jre\bin\javaw.exe (OK)
Version string: 1.011.000_027 / 64-Bit (OK)
Substitute:	EXEDIR = C:\Users\Admin\IdeaProjects\LAp
Launcher:	C:\Users\Admin\IdeaProjects\LAp\jre\bin\javaw.exe
Launcher args:	--module-path "C:\Users\Admin\IdeaProjects\LAp\javafx_libs" --add-modules javafx.controls,javafx.fxml -jar "C:\Users\Admin\IdeaProjects\LAp\LaptopStore.exe"
Args length:	156/32768 chars
Exit code:	0


Version:	3.50
CmdLine:	C:\Users\Admin\IdeaProjects\LAp\LaptopStore.exe --l4j-debug
JNI:		No
WOW64:		Yes
Working dir:	C:\Users\Admin\IdeaProjects\LAp\.
Requires JDK:	No
Requires 64-Bit: No
Java min ver:	1.011.000
Java max ver:	
Substitute:	EXEDIR = C:\Users\Admin\IdeaProjects\LAp
JRE paths:	C:\Users\Admin\IdeaProjects\LAp\jre
Check launcher:	C:\Users\Admin\IdeaProjects\LAp\jre\bin\javaw.exe (OK)
Version string: 1.011.000_027 / 64-Bit (OK)
Substitute:	EXEDIR = C:\Users\Admin\IdeaProjects\LAp
Launcher:	C:\Users\Admin\IdeaProjects\LAp\jre\bin\javaw.exe
Launcher args:	--module-path "C:\Users\Admin\IdeaProjects\LAp\javafx_libs" --add-modules javafx.controls,javafx.fxml -jar "C:\Users\Admin\IdeaProjects\LAp\LaptopStore.exe"
Args length:	156/32768 chars
Exit code:	0


Version:	3.50
CmdLine:	C:\Users\Admin\IdeaProjects\LAp\LaptopStore.exe --l4j-debug
JNI:		No
WOW64:		Yes
Working dir:	C:\Users\Admin\IdeaProjects\LAp\.
Requires JDK:	No
Requires 64-Bit: No
Java min ver:	1.011.000
Java max ver:	
Substitute:	EXEDIR = C:\Users\Admin\IdeaProjects\LAp
JRE paths:	C:\Users\Admin\IdeaProjects\LAp\jre
Check launcher:	C:\Users\Admin\IdeaProjects\LAp\jre\bin\javaw.exe (OK)
Version string: 1.011.000_027 / 64-Bit (OK)
Substitute:	EXEDIR = C:\Users\Admin\IdeaProjects\LAp
Launcher:	C:\Users\Admin\IdeaProjects\LAp\jre\bin\javaw.exe
Launcher args:	--module-path "C:\Users\Admin\IdeaProjects\LAp\javafx_libs" --add-modules javafx.controls,javafx.fxml -jar "C:\Users\Admin\IdeaProjects\LAp\LaptopStore.exe"
Args length:	156/32768 chars
Exit code:	0


Version:	3.50
CmdLine:	C:\Users\Admin\IdeaProjects\LAp\LaptopStore.exe --l4j-debug
JNI:		No
WOW64:		Yes
Working dir:	C:\Users\Admin\IdeaProjects\LAp\.
Requires JDK:	No
Requires 64-Bit: No
Java min ver:	1.011.000
Java max ver:	
Substitute:	EXEDIR = C:\Users\Admin\IdeaProjects\LAp
JRE paths:	C:\Users\Admin\IdeaProjects\LAp\jre
Check launcher:	C:\Users\Admin\IdeaProjects\LAp\jre\bin\javaw.exe (OK)
Version string: 1.011.000_027 / 64-Bit (OK)
Substitute:	EXEDIR = C:\Users\Admin\IdeaProjects\LAp
Launcher:	C:\Users\Admin\IdeaProjects\LAp\jre\bin\javaw.exe
Launcher args:	--module-path "C:\Users\Admin\IdeaProjects\LAp\javafx_libs" --add-modules javafx.controls,javafx.fxml -jar "C:\Users\Admin\IdeaProjects\LAp\LaptopStore.exe"
Args length:	156/32768 chars
Exit code:	0


Version:	3.50
CmdLine:	C:\Users\Admin\IdeaProjects\LAp\LaptopStore.exe --l4j-debug
JNI:		No
WOW64:		Yes
Working dir:	C:\Users\Admin\IdeaProjects\LAp\.
Requires JDK:	No
Requires 64-Bit: No
Java min ver:	1.011.000
Java max ver:	
Substitute:	EXEDIR = C:\Users\Admin\IdeaProjects\LAp
JRE paths:	C:\Users\Admin\IdeaProjects\LAp\jre
Check launcher:	C:\Users\Admin\IdeaProjects\LAp\jre\bin\javaw.exe (OK)
Version string: 1.011.000_027 / 64-Bit (OK)
Substitute:	EXEDIR = C:\Users\Admin\IdeaProjects\LAp
Launcher:	C:\Users\Admin\IdeaProjects\LAp\jre\bin\javaw.exe
Launcher args:	--module-path "C:\Users\Admin\IdeaProjects\LAp\javafx_libs" --add-modules javafx.controls,javafx.fxml -jar "C:\Users\Admin\IdeaProjects\LAp\LaptopStore.exe"
Args length:	156/32768 chars
Exit code:	0


Version:	3.50
CmdLine:	C:\Users\Admin\IdeaProjects\LAp\LaptopStore.exe --l4j-debug
JNI:		No
WOW64:		Yes
Working dir:	C:\Users\Admin\IdeaProjects\LAp\.
Requires JDK:	No
Requires 64-Bit: No
Java min ver:	1.011.000
Java max ver:	
Substitute:	EXEDIR = C:\Users\Admin\IdeaProjects\LAp
JRE paths:	C:\Users\Admin\IdeaProjects\LAp\jre
Check launcher:	C:\Users\Admin\IdeaProjects\LAp\jre\bin\javaw.exe (OK)
Version string: 1.011.000_027 / 64-Bit (OK)
Substitute:	EXEDIR = C:\Users\Admin\IdeaProjects\LAp
Launcher:	C:\Users\Admin\IdeaProjects\LAp\jre\bin\javaw.exe
Launcher args:	--module-path "C:\Users\Admin\IdeaProjects\LAp\javafx_libs" --add-modules javafx.controls,javafx.fxml -jar "C:\Users\Admin\IdeaProjects\LAp\LaptopStore.exe"
Args length:	156/32768 chars
Exit code:	0


Version:	3.50
CmdLine:	C:\Users\Admin\IdeaProjects\LAp\LaptopStore.exe --l4j-debug
JNI:		No
WOW64:		Yes
Working dir:	C:\Users\Admin\IdeaProjects\LAp\.
Requires JDK:	No
Requires 64-Bit: No
Java min ver:	1.011.000
Java max ver:	
Substitute:	EXEDIR = C:\Users\Admin\IdeaProjects\LAp
JRE paths:	C:\Users\Admin\IdeaProjects\LAp\jre
Check launcher:	C:\Users\Admin\IdeaProjects\LAp\jre\bin\javaw.exe (OK)
Version string: 1.011.000_027 / 64-Bit (OK)
Substitute:	EXEDIR = C:\Users\Admin\IdeaProjects\LAp
Launcher:	C:\Users\Admin\IdeaProjects\LAp\jre\bin\javaw.exe
Launcher args:	--module-path "C:\Users\Admin\IdeaProjects\LAp\javafx_libs" --add-modules javafx.controls,javafx.fxml -jar "C:\Users\Admin\IdeaProjects\LAp\LaptopStore.exe"
Args length:	156/32768 chars
Exit code:	0


Version:	3.50
CmdLine:	C:\Users\Admin\IdeaProjects\LAp\LaptopStore.exe --l4j-debug
JNI:		No
WOW64:		Yes
Working dir:	C:\Users\Admin\IdeaProjects\LAp\.
Requires JDK:	No
Requires 64-Bit: No
Java min ver:	1.011.000
Java max ver:	
Substitute:	EXEDIR = C:\Users\Admin\IdeaProjects\LAp
JRE paths:	C:\Users\Admin\IdeaProjects\LAp\jre
Check launcher:	C:\Users\Admin\IdeaProjects\LAp\jre\bin\javaw.exe (OK)
Version string: 1.011.000_027 / 64-Bit (OK)
Substitute:	EXEDIR = C:\Users\Admin\IdeaProjects\LAp
Launcher:	C:\Users\Admin\IdeaProjects\LAp\jre\bin\javaw.exe
Launcher args:	--module-path "C:\Users\Admin\IdeaProjects\LAp\javafx_libs" --add-modules javafx.controls,javafx.fxml -jar "C:\Users\Admin\IdeaProjects\LAp\LaptopStore.exe"
Args length:	156/32768 chars
Exit code:	0


Version:	3.50
CmdLine:	C:\Users\Admin\IdeaProjects\LAp\LaptopStore.exe --l4j-debug
JNI:		No
WOW64:		Yes
Working dir:	C:\Users\Admin\IdeaProjects\LAp\.
Requires JDK:	No
Requires 64-Bit: No
Java min ver:	1.011.000
Java max ver:	
Substitute:	EXEDIR = C:\Users\Admin\IdeaProjects\LAp
JRE paths:	C:\Users\Admin\IdeaProjects\LAp\jre
Check launcher:	C:\Users\Admin\IdeaProjects\LAp\jre\bin\javaw.exe (OK)
Version string: 1.011.000_027 / 64-Bit (OK)
Substitute:	EXEDIR = C:\Users\Admin\IdeaProjects\LAp
Launcher:	C:\Users\Admin\IdeaProjects\LAp\jre\bin\javaw.exe
Launcher args:	--module-path "C:\Users\Admin\IdeaProjects\LAp\javafx_libs" --add-modules javafx.controls,javafx.fxml -jar "C:\Users\Admin\IdeaProjects\LAp\LaptopStore.exe"
Args length:	156/32768 chars
Exit code:	0


Version:	3.50
CmdLine:	C:\Users\Admin\IdeaProjects\LAp\LaptopStore.exe --l4j-debug
JNI:		No
WOW64:		Yes
Working dir:	C:\Users\Admin\IdeaProjects\LAp\.
Requires JDK:	No
Requires 64-Bit: Yes
Java min ver:	1.011.000
Java max ver:	
Substitute:	EXEDIR = C:\Users\Admin\IdeaProjects\LAp
JRE paths:	C:\Users\Admin\IdeaProjects\LAp\jre
Check launcher:	C:\Users\Admin\IdeaProjects\LAp\jre\bin\javaw.exe (OK)
Version string: 1.011.000_027 / 64-Bit (OK)
Substitute:	EXEDIR = C:\Users\Admin\IdeaProjects\LAp
Launcher:	C:\Users\Admin\IdeaProjects\LAp\jre\bin\javaw.exe
Launcher args:	--module-path "C:\Users\Admin\IdeaProjects\LAp\javafx_libs" --add-modules javafx.controls,javafx.fxml -jar "C:\Users\Admin\IdeaProjects\LAp\LaptopStore.exe"
Args length:	156/32768 chars
Exit code:	0


Version:	3.50
CmdLine:	C:\Users\Admin\IdeaProjects\LAp\LaptopStore.exe --l4j-debug
JNI:		No
WOW64:		Yes
Working dir:	C:\Users\Admin\IdeaProjects\LAp\.
Requires JDK:	No
Requires 64-Bit: Yes
Java min ver:	1.011.000
Java max ver:	
Substitute:	EXEDIR = C:\Users\Admin\IdeaProjects\LAp
JRE paths:	C:\Users\Admin\IdeaProjects\LAp\jre
Check launcher:	C:\Users\Admin\IdeaProjects\LAp\jre\bin\javaw.exe (OK)
Version string: 1.011.000_027 / 64-Bit (OK)
Substitute:	EXEDIR = C:\Users\Admin\IdeaProjects\LAp
Launcher:	C:\Users\Admin\IdeaProjects\LAp\jre\bin\javaw.exe
Launcher args:	--module-path "C:\Users\Admin\IdeaProjects\LAp\javafx_libs" --add-modules javafx.controls,javafx.fxml -Dprism.order=sw -jar "C:\Users\Admin\IdeaProjects\LAp\LaptopStore.exe"
Args length:	173/32768 chars
Exit code:	0


Version:	3.50
CmdLine:	C:\Users\Admin\IdeaProjects\LAp\LaptopStore.exe --l4j-debug
JNI:		No
WOW64:		Yes
Working dir:	C:\Users\Admin\IdeaProjects\LAp\.
Requires JDK:	No
Requires 64-Bit: No
Java min ver:	1.011.000
Java max ver:	1.017.000
Substitute:	EXEDIR = C:\Users\Admin\IdeaProjects\LAp
JRE paths:	C:\Users\Admin\IdeaProjects\LAp\jre
Check launcher:	C:\Users\Admin\IdeaProjects\LAp\jre\bin\javaw.exe (OK)
Version string: 1.011.000_027 / 64-Bit (OK)
Substitute:	EXEDIR = C:\Users\Admin\IdeaProjects\LAp
Launcher:	C:\Users\Admin\IdeaProjects\LAp\jre\bin\javaw.exe
Launcher args:	--module-path "C:\Users\Admin\IdeaProjects\LAp\javafx_libs" --add-modules javafx.controls,javafx.fxml -Dprism.order=sw -jar "C:\Users\Admin\IdeaProjects\LAp\LaptopStore.exe"
Args length:	173/32768 chars
Exit code:	0


Version:	3.50
CmdLine:	C:\Users\Admin\IdeaProjects\LAp\LaptopStore.exe --l4j-debug
JNI:		No
WOW64:		Yes
Working dir:	C:\Users\Admin\IdeaProjects\LAp\.
Requires JDK:	No
Requires 64-Bit: No
Java min ver:	1.011.000
Java max ver:	1.017.000
Substitute:	EXEDIR = C:\Users\Admin\IdeaProjects\LAp
JRE paths:	C:\Users\Admin\IdeaProjects\LAp\jre
Check launcher:	C:\Users\Admin\IdeaProjects\LAp\jre\bin\javaw.exe (OK)
Version string: 1.011.000_027 / 64-Bit (OK)
Substitute:	EXEDIR = C:\Users\Admin\IdeaProjects\LAp
Launcher:	C:\Users\Admin\IdeaProjects\LAp\jre\bin\javaw.exe
Launcher args:	--module-path "C:\Users\Admin\IdeaProjects\LAp\javafx_libs" --add-modules javafx.controls,javafx.fxml,javafx.graphics -Dprism.order=sw -jar "C:\Users\Admin\IdeaProjects\LAp\LaptopStore.exe"
Args length:	189/32768 chars
Exit code:	0


Version:	3.50
CmdLine:	C:\Users\Admin\IdeaProjects\LAp\LaptopStore.exe --l4j-debug
JNI:		No
WOW64:		Yes
Working dir:	C:\Users\Admin\IdeaProjects\LAp\.
Requires JDK:	No
Requires 64-Bit: No
Java min ver:	1.011.000
Java max ver:	1.017.000
Substitute:	EXEDIR = C:\Users\Admin\IdeaProjects\LAp
JRE paths:	C:\Users\Admin\IdeaProjects\LAp\jre
Check launcher:	C:\Users\Admin\IdeaProjects\LAp\jre\bin\javaw.exe (OK)
Version string: 1.011.000_027 / 64-Bit (OK)
Substitute:	EXEDIR = C:\Users\Admin\IdeaProjects\LAp
Launcher:	C:\Users\Admin\IdeaProjects\LAp\jre\bin\javaw.exe
Launcher args:	--module-path "C:\Users\Admin\IdeaProjects\LAp\javafx_libs" --add-modules javafx.controls,javafx.fxml,javafx.graphics -Dprism.order=sw -jar "C:\Users\Admin\IdeaProjects\LAp\LaptopStore.exe"
Args length:	189/32768 chars
Exit code:	0


Version:	3.50
CmdLine:	C:\Users\Admin\IdeaProjects\LAp\LaptopStore.exe --l4j-debug
JNI:		No
WOW64:		Yes
Working dir:	C:\Users\Admin\IdeaProjects\LAp\.
Requires JDK:	No
Requires 64-Bit: No
Java min ver:	1.011.000
Java max ver:	1.017.000
Substitute:	EXEDIR = C:\Users\Admin\IdeaProjects\LAp
JRE paths:	C:\Users\Admin\IdeaProjects\LAp\jre
Check launcher:	C:\Users\Admin\IdeaProjects\LAp\jre\bin\javaw.exe (OK)
Version string: 1.011.000_027 / 64-Bit (OK)
Substitute:	EXEDIR = C:\Users\Admin\IdeaProjects\LAp
Launcher:	C:\Users\Admin\IdeaProjects\LAp\jre\bin\javaw.exe
Launcher args:	--module-path "C:\Users\Admin\IdeaProjects\LAp\javafx_libs" --add-modules javafx.controls,javafx.fxml,javafx.graphics -Dprism.order=sw -jar "C:\Users\Admin\IdeaProjects\LAp\LaptopStore.exe"
Args length:	189/32768 chars
Exit code:	0


Version:	3.50
CmdLine:	C:\Users\Admin\IdeaProjects\LAp\LaptopStore.exe --l4j-debug
JNI:		No
WOW64:		Yes
Working dir:	C:\Users\Admin\IdeaProjects\LAp\.
Requires JDK:	No
Requires 64-Bit: No
Java min ver:	1.011.000
Java max ver:	1.017.000
Substitute:	EXEDIR = C:\Users\Admin\IdeaProjects\LAp
JRE paths:	C:\Users\Admin\IdeaProjects\LAp\jre
Check launcher:	C:\Users\Admin\IdeaProjects\LAp\jre\bin\javaw.exe (OK)
Version string: 1.011.000_027 / 64-Bit (OK)
Substitute:	EXEDIR = C:\Users\Admin\IdeaProjects\LAp
Launcher:	C:\Users\Admin\IdeaProjects\LAp\jre\bin\javaw.exe
Launcher args:	--module-path "C:\Users\Admin\IdeaProjects\LAp\javafx_libs" --add-modules javafx.controls,javafx.fxml,javafx.graphics -Dprism.order=sw -jar "C:\Users\Admin\IdeaProjects\LAp\LaptopStore.exe"
Args length:	189/32768 chars
Exit code:	0


Version:	3.50
CmdLine:	C:\Users\Admin\IdeaProjects\LAp\LaptopStore.exe --l4j-debug
JNI:		No
WOW64:		Yes
Working dir:	C:\Users\Admin\IdeaProjects\LAp\.
Requires JDK:	No
Requires 64-Bit: No
Java min ver:	1.011.000
Java max ver:	1.017.000
Substitute:	EXEDIR = C:\Users\Admin\IdeaProjects\LAp
JRE paths:	C:\Users\Admin\IdeaProjects\LAp\jre
Check launcher:	C:\Users\Admin\IdeaProjects\LAp\jre\bin\javaw.exe (OK)
Version string: 1.011.000_027 / 64-Bit (OK)
Substitute:	EXEDIR = C:\Users\Admin\IdeaProjects\LAp
Launcher:	C:\Users\Admin\IdeaProjects\LAp\jre\bin\javaw.exe
Launcher args:	--module-path "C:\Users\Admin\IdeaProjects\LAp\javafx_libs" --add-modules javafx.controls,javafx.fxml,javafx.graphics -Dprism.order=sw -jar "C:\Users\Admin\IdeaProjects\LAp\LaptopStore.exe"
Args length:	189/32768 chars
Exit code:	0


Version:	3.50
CmdLine:	C:\Users\Admin\IdeaProjects\LAp\LaptopStore.exe --l4j-debug
JNI:		No
WOW64:		Yes
Working dir:	C:\Users\Admin\IdeaProjects\LAp\.
Requires JDK:	No
Requires 64-Bit: No
Java min ver:	1.017.000
Java max ver:	
Substitute:	EXEDIR = C:\Users\Admin\IdeaProjects\LAp
JRE paths:	C:\Users\Admin\IdeaProjects\LAp\jre
Check launcher:	C:\Users\Admin\IdeaProjects\LAp\jre\bin\javaw.exe (OK)
Version string: 1.011.000_027 / 64-Bit (Ignore)
64-bit search:	SOFTWARE\JavaSoft\Java Runtime Environment...
32-bit search:	SOFTWARE\JavaSoft\Java Runtime Environment...
Check:		SOFTWARE\JavaSoft\Java Runtime Environment\1.8
Version string: 1.008.000 / 32-Bit (Ignore)
Ignore:		1.008.000
Check:		SOFTWARE\JavaSoft\Java Runtime Environment\1.8.0_441
Version string: 1.008.000_441 / 32-Bit (Ignore)
Ignore:		1.008.000_441
64-bit search:	SOFTWARE\JavaSoft\Java Development Kit...
32-bit search:	SOFTWARE\JavaSoft\Java Development Kit...
64-bit search:	SOFTWARE\JavaSoft\JRE...
32-bit search:	SOFTWARE\JavaSoft\JRE...
64-bit search:	SOFTWARE\JavaSoft\JDK...
Check:		SOFTWARE\JavaSoft\JDK\17.0.12
Version string: 1.017.000_012 / 64-Bit (OK)
Check launcher:	C:\Program Files\Java\jdk-17\bin\javaw.exe (OK)
Match:		1.017.000_012
Runtime used:	1.017.000_012 (64-bit)
Substitute:	EXEDIR = C:\Users\Admin\IdeaProjects\LAp
Launcher:	C:\Program Files\Java\jdk-17\bin\javaw.exe
Launcher args:	--module-path "C:\Users\Admin\IdeaProjects\LAp\javafx_libs" --add-modules javafx.controls,javafx.fxml,javafx.graphics -Dprism.order=sw -jar "C:\Users\Admin\IdeaProjects\LAp\LaptopStore.exe"
Args length:	189/32768 chars
Exit code:	0


Version:	3.50
CmdLine:	C:\Users\Admin\IdeaProjects\LAp\LaptopStore.exe --l4j-debug
JNI:		No
WOW64:		Yes
Working dir:	C:\Users\Admin\IdeaProjects\LAp\.
Requires JDK:	No
Requires 64-Bit: No
Java min ver:	1.017.000
Java max ver:	
Substitute:	EXEDIR = C:\Users\Admin\IdeaProjects\LAp
JRE paths:	C:\Users\Admin\IdeaProjects\LAp\jre
Check launcher:	C:\Users\Admin\IdeaProjects\LAp\jre\bin\javaw.exe (OK)
Version string: 1.011.000_027 / 64-Bit (Ignore)
64-bit search:	SOFTWARE\JavaSoft\Java Runtime Environment...
32-bit search:	SOFTWARE\JavaSoft\Java Runtime Environment...
Check:		SOFTWARE\JavaSoft\Java Runtime Environment\1.8
Version string: 1.008.000 / 32-Bit (Ignore)
Ignore:		1.008.000
Check:		SOFTWARE\JavaSoft\Java Runtime Environment\1.8.0_441
Version string: 1.008.000_441 / 32-Bit (Ignore)
Ignore:		1.008.000_441
64-bit search:	SOFTWARE\JavaSoft\Java Development Kit...
32-bit search:	SOFTWARE\JavaSoft\Java Development Kit...
64-bit search:	SOFTWARE\JavaSoft\JRE...
32-bit search:	SOFTWARE\JavaSoft\JRE...
64-bit search:	SOFTWARE\JavaSoft\JDK...
Check:		SOFTWARE\JavaSoft\JDK\17.0.12
Version string: 1.017.000_012 / 64-Bit (OK)
Check launcher:	C:\Program Files\Java\jdk-17\bin\javaw.exe (OK)
Match:		1.017.000_012
Runtime used:	1.017.000_012 (64-bit)
Substitute:	EXEDIR = C:\Users\Admin\IdeaProjects\LAp
Launcher:	C:\Program Files\Java\jdk-17\bin\javaw.exe
Launcher args:	--module-path "C:\Users\Admin\IdeaProjects\LAp\javafx_libs" --add-modules javafx.controls,javafx.fxml,javafx.graphics -Dprism.order=sw -jar "C:\Users\Admin\IdeaProjects\LAp\LaptopStore.exe"
Args length:	189/32768 chars
Exit code:	0


Version:	3.50
CmdLine:	C:\Users\Admin\IdeaProjects\LAp\LaptopStore.exe --l4j-debug
JNI:		No
WOW64:		Yes
Working dir:	C:\Users\Admin\IdeaProjects\LAp\.
Requires JDK:	No
Requires 64-Bit: No
Java min ver:	1.017.000
Java max ver:	
Substitute:	EXEDIR = C:\Users\Admin\IdeaProjects\LAp
JRE paths:	C:\Users\Admin\IdeaProjects\LAp\jre
Check launcher:	C:\Users\Admin\IdeaProjects\LAp\jre\bin\javaw.exe (OK)
Version string: 1.011.000_027 / 64-Bit (Ignore)
64-bit search:	SOFTWARE\JavaSoft\Java Runtime Environment...
32-bit search:	SOFTWARE\JavaSoft\Java Runtime Environment...
Check:		SOFTWARE\JavaSoft\Java Runtime Environment\1.8
Version string: 1.008.000 / 32-Bit (Ignore)
Ignore:		1.008.000
Check:		SOFTWARE\JavaSoft\Java Runtime Environment\1.8.0_441
Version string: 1.008.000_441 / 32-Bit (Ignore)
Ignore:		1.008.000_441
64-bit search:	SOFTWARE\JavaSoft\Java Development Kit...
32-bit search:	SOFTWARE\JavaSoft\Java Development Kit...
64-bit search:	SOFTWARE\JavaSoft\JRE...
32-bit search:	SOFTWARE\JavaSoft\JRE...
64-bit search:	SOFTWARE\JavaSoft\JDK...
Check:		SOFTWARE\JavaSoft\JDK\17.0.12
Version string: 1.017.000_012 / 64-Bit (OK)
Check launcher:	C:\Program Files\Java\jdk-17\bin\javaw.exe (OK)
Match:		1.017.000_012
Runtime used:	1.017.000_012 (64-bit)
Launcher:	C:\Program Files\Java\jdk-17\bin\javaw.exe
Launcher args:	-jar "C:\Users\Admin\IdeaProjects\LAp\LaptopStore.exe"
Args length:	54/32768 chars
Exit code:	0


Version:	3.50
CmdLine:	C:\Users\Admin\IdeaProjects\LAp\LaptopStore.exe --l4j-debug
JNI:		No
WOW64:		Yes
Working dir:	C:\Users\Admin\IdeaProjects\LAp\.
Requires JDK:	No
Requires 64-Bit: No
Java min ver:	1.017.000
Java max ver:	
Substitute:	EXEDIR = C:\Users\Admin\IdeaProjects\LAp
JRE paths:	C:\Users\Admin\IdeaProjects\LAp\jre
Check launcher:	C:\Users\Admin\IdeaProjects\LAp\jre\bin\javaw.exe (OK)
Version string: 1.011.000_027 / 64-Bit (Ignore)
64-bit search:	SOFTWARE\JavaSoft\Java Runtime Environment...
32-bit search:	SOFTWARE\JavaSoft\Java Runtime Environment...
Check:		SOFTWARE\JavaSoft\Java Runtime Environment\1.8
Version string: 1.008.000 / 32-Bit (Ignore)
Ignore:		1.008.000
Check:		SOFTWARE\JavaSoft\Java Runtime Environment\1.8.0_441
Version string: 1.008.000_441 / 32-Bit (Ignore)
Ignore:		1.008.000_441
64-bit search:	SOFTWARE\JavaSoft\Java Development Kit...
32-bit search:	SOFTWARE\JavaSoft\Java Development Kit...
64-bit search:	SOFTWARE\JavaSoft\JRE...
32-bit search:	SOFTWARE\JavaSoft\JRE...
64-bit search:	SOFTWARE\JavaSoft\JDK...
Check:		SOFTWARE\JavaSoft\JDK\17.0.12
Version string: 1.017.000_012 / 64-Bit (OK)
Check launcher:	C:\Program Files\Java\jdk-17\bin\javaw.exe (OK)
Match:		1.017.000_012
Runtime used:	1.017.000_012 (64-bit)
Launcher:	C:\Program Files\Java\jdk-17\bin\javaw.exe
Launcher args:	-jar "C:\Users\Admin\IdeaProjects\LAp\LaptopStore.exe"
Args length:	54/32768 chars
Exit code:	0


Version:	3.50
CmdLine:	C:\Users\Admin\IdeaProjects\LAp\LaptopStore.exe --l4j-debug
JNI:		No
WOW64:		Yes
Working dir:	C:\Users\Admin\IdeaProjects\LAp\.
Requires JDK:	No
Requires 64-Bit: No
Java min ver:	1.017.000
Java max ver:	
Substitute:	EXEDIR = C:\Users\Admin\IdeaProjects\LAp
JRE paths:	C:\Users\Admin\IdeaProjects\LAp\jre
Check launcher:	C:\Users\Admin\IdeaProjects\LAp\jre\bin\javaw.exe (OK)
Version string: 1.011.000_027 / 64-Bit (Ignore)
64-bit search:	SOFTWARE\JavaSoft\Java Runtime Environment...
32-bit search:	SOFTWARE\JavaSoft\Java Runtime Environment...
Check:		SOFTWARE\JavaSoft\Java Runtime Environment\1.8
Version string: 1.008.000 / 32-Bit (Ignore)
Ignore:		1.008.000
Check:		SOFTWARE\JavaSoft\Java Runtime Environment\1.8.0_441
Version string: 1.008.000_441 / 32-Bit (Ignore)
Ignore:		1.008.000_441
64-bit search:	SOFTWARE\JavaSoft\Java Development Kit...
32-bit search:	SOFTWARE\JavaSoft\Java Development Kit...
64-bit search:	SOFTWARE\JavaSoft\JRE...
32-bit search:	SOFTWARE\JavaSoft\JRE...
64-bit search:	SOFTWARE\JavaSoft\JDK...
Check:		SOFTWARE\JavaSoft\JDK\17.0.12
Version string: 1.017.000_012 / 64-Bit (OK)
Check launcher:	C:\Program Files\Java\jdk-17\bin\javaw.exe (OK)
Match:		1.017.000_012
Runtime used:	1.017.000_012 (64-bit)
Launcher:	C:\Program Files\Java\jdk-17\bin\javaw.exe
Launcher args:	-jar "C:\Users\Admin\IdeaProjects\LAp\LaptopStore.exe"
Args length:	54/32768 chars
Exit code:	0


Version:	3.50
CmdLine:	C:\Users\Admin\IdeaProjects\LAp\LaptopStore.exe --l4j-debug
JNI:		No
WOW64:		Yes
Working dir:	C:\Users\Admin\IdeaProjects\LAp\.
Requires JDK:	No
Requires 64-Bit: No
Java min ver:	1.017.000
Java max ver:	
Substitute:	EXEDIR = C:\Users\Admin\IdeaProjects\LAp
JRE paths:	C:\Users\Admin\IdeaProjects\LAp\jre
Check launcher:	C:\Users\Admin\IdeaProjects\LAp\jre\bin\javaw.exe (OK)
Version string: 1.011.000_027 / 64-Bit (Ignore)
64-bit search:	SOFTWARE\JavaSoft\Java Runtime Environment...
32-bit search:	SOFTWARE\JavaSoft\Java Runtime Environment...
Check:		SOFTWARE\JavaSoft\Java Runtime Environment\1.8
Version string: 1.008.000 / 32-Bit (Ignore)
Ignore:		1.008.000
Check:		SOFTWARE\JavaSoft\Java Runtime Environment\1.8.0_441
Version string: 1.008.000_441 / 32-Bit (Ignore)
Ignore:		1.008.000_441
64-bit search:	SOFTWARE\JavaSoft\Java Development Kit...
32-bit search:	SOFTWARE\JavaSoft\Java Development Kit...
64-bit search:	SOFTWARE\JavaSoft\JRE...
32-bit search:	SOFTWARE\JavaSoft\JRE...
64-bit search:	SOFTWARE\JavaSoft\JDK...
Check:		SOFTWARE\JavaSoft\JDK\17.0.12
Version string: 1.017.000_012 / 64-Bit (OK)
Check launcher:	C:\Program Files\Java\jdk-17\bin\javaw.exe (OK)
Match:		1.017.000_012
Runtime used:	1.017.000_012 (64-bit)
Launcher:	C:\Program Files\Java\jdk-17\bin\javaw.exe
Launcher args:	-jar "C:\Users\Admin\IdeaProjects\LAp\LaptopStore.exe"
Args length:	54/32768 chars
Exit code:	0
